<?xml version="1.0" encoding="UTF-8"?>
<!-- Generated by org.testng.reporters.JUnitReportReporter -->
<testsuite skipped="0" hostname="LAPTOP-372CH622" name="com.cbt.tests.Smoke_test" tests="4" failures="0" timestamp="07 Aug 2018 01:45:34 GMT" time="1.777" errors="0">
  <testcase name="titleVerification" time="1.558" classname="com.cbt.tests.Smoke_test"/>
  <testcase name="logoVerification" time="0.059" classname="com.cbt.tests.Smoke_test"/>
  <testcase name="openFederalAccounts" time="0.127" classname="com.cbt.tests.Smoke_test"/>
  <testcase name="mainMenuDisplayed" time="0.033" classname="com.cbt.tests.Smoke_test"/>
</testsuite> <!-- com.cbt.tests.Smoke_test -->
