<?xml version="1.0" encoding="UTF-8"?>
<!-- Generated by org.testng.reporters.JUnitReportReporter -->
<testsuite skipped="0" hostname="LAPTOP-372CH622" name="com.cbt.tests.SPA_261_TC" tests="3" failures="0" timestamp="07 Aug 2018 00:35:18 GMT" time="1.583" errors="0">
  <testcase name="titleVerification" time="1.486" classname="com.cbt.tests.SPA_261_TC"/>
  <testcase name="logoVerification" time="0.065" classname="com.cbt.tests.SPA_261_TC"/>
  <testcase name="mainMenuDisplayed" time="0.032" classname="com.cbt.tests.SPA_261_TC"/>
</testsuite> <!-- com.cbt.tests.SPA_261_TC -->
